<?xml version="1.0" encoding="UTF-8"?>
<!-- Generated by org.testng.reporters.JUnitXMLReporter -->
<testsuite ignored="0" hostname="DESKTOP-L6LVCVJ" failures="0" tests="10" name="Default test" time="0.123" errors="0" timestamp="24 Jan 2021 06:28:23 GMT">
  <testcase classname="com.test.TestNG" name="googleTestTitle" time="0.007"/>
  <testcase classname="com.test.TestNG" name="googleTestTitle" time="0.003"/>
  <testcase classname="com.test.TestNG" name="googleTestTitle" time="0.004"/>
  <testcase classname="com.test.TestNG" name="googleTestTitle" time="0.002"/>
  <testcase classname="com.test.TestNG" name="googleTestTitle" time="0.003"/>
  <testcase classname="com.test.TestNG" name="googleTestTitle" time="0.002"/>
  <testcase classname="com.test.TestNG" name="googleTestTitle" time="0.002"/>
  <testcase classname="com.test.TestNG" name="googleTestTitle" time="0.002"/>
  <testcase classname="com.test.TestNG" name="googleTestTitle" time="0.004"/>
  <testcase classname="com.test.TestNG" name="googleTestTitle" time="0.002"/>
</testsuite> <!-- Default test -->
